<?xml version="1.0" encoding="UTF-8"?>
<!-- Generated by org.testng.reporters.JUnitReportReporter -->
<testsuite skipped="0" hostname="C910070EE83EAz" name="demoJenkins.AnotherTest" tests="1" failures="0" timestamp="19 Jan 2018 15:08:14 GMT" time="0.002" errors="0">
  <testcase name="testJenkins" time="0.002" classname="demoJenkins.AnotherTest"/>
</testsuite> <!-- demoJenkins.AnotherTest -->
