<?xml version="1.0" encoding="UTF-8"?>
<!-- Generated by org.testng.reporters.JUnitReportReporter -->
<testsuite skipped="0" hostname="C910070EE83EAz" name="demoJenkins.DemoJenkinsJob" tests="2" failures="0" timestamp="19 Jan 2018 15:08:14 GMT" time="0.023" errors="0">
  <testcase name="testJenkins2" time="0.000" classname="demoJenkins.DemoJenkinsJob"/>
  <testcase name="testJenkins" time="0.023" classname="demoJenkins.DemoJenkinsJob"/>
</testsuite> <!-- demoJenkins.DemoJenkinsJob -->
