<?xml version="1.0" encoding="UTF-8"?>
<!-- Generated by org.testng.reporters.JUnitReportReporter -->
<testsuite skipped="0" hostname="C910070EE83EAz" name="demo.jenkins.DemoJenkinsJob" tests="1" failures="0" timestamp="19 Jan 2018 03:18:06 GMT" time="0.050" errors="0">
  <testcase name="testJenkins" time="0.050" classname="demo.jenkins.DemoJenkinsJob"/>
</testsuite> <!-- demo.jenkins.DemoJenkinsJob -->
